<?xml version="1.0" encoding="UTF-8"?>
<!-- Generated by org.testng.reporters.JUnitReportReporter -->
<testsuite skipped="0" hostname="WKWIN4774218" name="com.testbanking.TestCases.TC_CustomerLogin_003" tests="1" failures="0" timestamp="2020-08-20T15:29:41 IST" time="5.106" errors="0">
  <testcase name="CustomerLogin" time="5.106" classname="com.testbanking.TestCases.TC_CustomerLogin_003"/>
  <system-out/>
</testsuite> <!-- com.testbanking.TestCases.TC_CustomerLogin_003 -->
