<?xml version="1.0" encoding="UTF-8"?>
<!-- Generated by org.testng.reporters.JUnitReportReporter -->
<testsuite skipped="0" hostname="WKWIN4774218" name="com.testbanking.TestCases.TC_yourname_004" tests="1" failures="0" timestamp="2020-08-20T15:50:17 IST" time="19.202" errors="0">
  <testcase name="yourname" time="19.202" classname="com.testbanking.TestCases.TC_yourname_004"/>
  <system-out/>
</testsuite> <!-- com.testbanking.TestCases.TC_yourname_004 -->
