<?xml version="1.0" encoding="UTF-8"?>
<!-- Generated by org.testng.reporters.JUnitReportReporter -->
<testsuite skipped="0" hostname="WKWIN4774218" name="com.testbanking.TestCases.TC_BankManagerLogin_001" tests="1" failures="0" timestamp="2020-08-20T14:16:08 IST" time="4.045" errors="0">
  <testcase name="BnakManagerLogin" time="4.045" classname="com.testbanking.TestCases.TC_BankManagerLogin_001"/>
  <system-out/>
</testsuite> <!-- com.testbanking.TestCases.TC_BankManagerLogin_001 -->
